2024-05-25 11:43:39 INFO  Log:17 - ================scenario_01 TEST START======================
2024-05-25 11:43:39 INFO  Log:25 - This is scenario_01
2024-05-25 11:43:46 INFO  Log:21 - ===============scenario_01 TEST END=========================
2024-05-25 11:43:47 INFO  Log:17 - ================scenario_02 TEST START======================
2024-05-25 11:43:47 INFO  Log:25 - This is scenario_02
2024-05-25 11:43:49 INFO  Log:21 - ===============scenario_02 TEST END=========================
2024-05-25 11:49:14 INFO  Log:17 - ================scenario_01 TEST START======================
2024-05-25 11:49:14 INFO  Log:25 - This is scenario_01
2024-05-25 11:49:21 INFO  Log:21 - ===============scenario_01 TEST END=========================
2024-05-25 11:49:22 INFO  Log:17 - ================scenario_02 TEST START======================
2024-05-25 11:49:22 INFO  Log:25 - This is scenario_02
2024-05-25 11:49:25 INFO  Log:21 - ===============scenario_02 TEST END=========================
2024-05-25 12:09:09 INFO  Log:17 - ================scenario_01 TEST START======================
2024-05-25 12:09:09 INFO  Log:25 - This is scenario_01
2024-05-25 12:09:16 INFO  Log:21 - ===============scenario_01 TEST END=========================
2024-05-25 12:09:16 ERROR AllureLifecycle:377 - Could not update test case: no test case running
2024-05-25 12:09:16 ERROR AllureLifecycle:377 - Could not update test case: no test case running
2024-05-25 12:12:10 INFO  Log:17 - ================scenario_01 TEST START======================
2024-05-25 12:12:10 INFO  Log:25 - This is scenario_01
2024-05-25 12:12:16 INFO  Log:21 - ===============scenario_01 TEST END=========================
2024-05-25 12:12:18 INFO  Log:17 - ================scenario_02 TEST START======================
2024-05-25 12:12:18 INFO  Log:25 - This is scenario_02
2024-05-25 12:12:20 INFO  Log:21 - ===============scenario_02 TEST END=========================
2024-05-25 12:15:18 INFO  Log:17 - ================scenario_01 TEST START======================
2024-05-25 12:15:18 INFO  Log:25 - This is scenario_01
2024-05-25 12:15:25 INFO  Log:21 - ===============scenario_01 TEST END=========================
2024-05-25 12:15:26 INFO  Log:17 - ================scenario_02 TEST START======================
2024-05-25 12:15:26 INFO  Log:25 - This is scenario_02
2024-05-25 12:15:28 INFO  Log:21 - ===============scenario_02 TEST END=========================
2024-05-25 12:17:38 INFO  Log:17 - ================scenario_01 TEST START======================
2024-05-25 12:17:38 INFO  Log:25 - This is scenario_01
2024-05-25 12:17:45 INFO  Log:21 - ===============scenario_01 TEST END=========================
2024-05-25 12:17:46 INFO  Log:17 - ================scenario_02 TEST START======================
2024-05-25 12:17:46 INFO  Log:25 - This is scenario_02
2024-05-25 12:17:48 INFO  Log:21 - ===============scenario_02 TEST END=========================
2024-05-25 12:18:53 INFO  Log:17 - ================scenario_01 TEST START======================
2024-05-25 12:18:53 INFO  Log:25 - This is scenario_01
2024-05-25 12:19:00 INFO  Log:21 - ===============scenario_01 TEST END=========================
2024-05-25 12:19:01 INFO  Log:17 - ================scenario_02 TEST START======================
2024-05-25 12:19:01 INFO  Log:25 - This is scenario_02
2024-05-25 12:19:03 INFO  Log:21 - ===============scenario_02 TEST END=========================
2024-05-25 12:25:51 INFO  Log:17 - ================scenario_01 TEST START======================
2024-05-25 12:25:51 INFO  Log:25 - This is scenario_01
2024-05-25 12:25:58 INFO  Log:21 - ===============scenario_01 TEST END=========================
2024-05-25 12:25:59 INFO  Log:17 - ================scenario_02 TEST START======================
2024-05-25 12:25:59 INFO  Log:25 - This is scenario_02
2024-05-25 12:26:01 INFO  Log:21 - ===============scenario_02 TEST END=========================
2024-05-25 12:30:17 INFO  Log:17 - ================scenario_01 TEST START======================
2024-05-25 12:30:17 INFO  Log:25 - This is scenario_01
2024-05-25 12:30:24 INFO  Log:21 - ===============scenario_01 TEST END=========================
2024-05-25 12:30:25 INFO  Log:17 - ================scenario_02 TEST START======================
2024-05-25 12:30:25 INFO  Log:25 - This is scenario_02
2024-05-25 12:30:28 INFO  Log:21 - ===============scenario_02 TEST END=========================
2024-05-25 12:32:26 INFO  Log:17 - ================scenario_01 TEST START======================
2024-05-25 12:32:26 INFO  Log:25 - This is scenario_01
2024-05-25 12:32:32 INFO  Log:21 - ===============scenario_01 TEST END=========================
2024-05-25 12:32:34 INFO  Log:17 - ================scenario_02 TEST START======================
2024-05-25 12:32:34 INFO  Log:25 - This is scenario_02
2024-05-25 12:32:36 INFO  Log:21 - ===============scenario_02 TEST END=========================
2024-05-25 12:34:05 INFO  Log:17 - ================scenario_01 TEST START======================
2024-05-25 12:34:05 INFO  Log:25 - This is scenario_01
2024-05-25 12:34:12 INFO  Log:21 - ===============scenario_01 TEST END=========================
2024-05-25 12:34:13 INFO  Log:17 - ================scenario_02 TEST START======================
2024-05-25 12:34:13 INFO  Log:25 - This is scenario_02
2024-05-25 12:34:16 INFO  Log:21 - ===============scenario_02 TEST END=========================
2024-05-25 12:40:05 INFO  Log:17 - ================scenario_01 TEST START======================
2024-05-25 12:40:05 INFO  Log:25 - This is scenario_01
2024-05-25 12:40:12 INFO  Log:21 - ===============scenario_01 TEST END=========================
2024-05-25 12:40:13 INFO  Log:17 - ================scenario_02 TEST START======================
2024-05-25 12:40:13 INFO  Log:25 - This is scenario_02
2024-05-25 12:40:15 INFO  Log:21 - ===============scenario_02 TEST END=========================
2024-05-25 12:42:04 INFO  Log:17 - ================scenario_01 TEST START======================
2024-05-25 12:42:04 INFO  Log:25 - This is scenario_01
2024-05-25 12:42:11 INFO  Log:21 - ===============scenario_01 TEST END=========================
2024-05-25 12:42:12 INFO  Log:17 - ================scenario_02 TEST START======================
2024-05-25 12:42:12 INFO  Log:25 - This is scenario_02
2024-05-25 12:42:14 INFO  Log:21 - ===============scenario_02 TEST END=========================
2024-05-25 12:43:33 INFO  Log:17 - ================scenario_01 TEST START======================
2024-05-25 12:43:33 INFO  Log:25 - This is scenario_01
2024-05-25 12:43:40 INFO  Log:21 - ===============scenario_01 TEST END=========================
2024-05-25 12:43:42 INFO  Log:17 - ================scenario_02 TEST START======================
2024-05-25 12:43:42 INFO  Log:25 - This is scenario_02
2024-05-25 12:43:45 INFO  Log:21 - ===============scenario_02 TEST END=========================
2024-05-25 12:53:32 INFO  Log:17 - ================scenario_01 TEST START======================
2024-05-25 12:53:32 INFO  Log:25 - This is scenario_01
2024-05-25 12:53:38 INFO  Log:21 - ===============scenario_01 TEST END=========================
2024-05-25 12:53:39 INFO  Log:17 - ================scenario_02 TEST START======================
2024-05-25 12:53:39 INFO  Log:25 - This is scenario_02
2024-05-25 12:53:42 INFO  Log:21 - ===============scenario_02 TEST END=========================
2024-05-25 12:55:53 INFO  Log:17 - ================scenario_01 TEST START======================
2024-05-25 12:55:53 INFO  Log:25 - This is scenario_01
2024-05-25 12:56:00 INFO  Log:21 - ===============scenario_01 TEST END=========================
2024-05-25 12:56:01 INFO  Log:17 - ================scenario_02 TEST START======================
2024-05-25 12:56:01 INFO  Log:25 - This is scenario_02
2024-05-25 12:56:04 INFO  Log:21 - ===============scenario_02 TEST END=========================
2024-05-25 12:59:10 INFO  Log:17 - ================scenario_01 TEST START======================
2024-05-25 12:59:10 INFO  Log:25 - This is scenario_01
2024-05-25 12:59:17 INFO  Log:21 - ===============scenario_01 TEST END=========================
2024-05-25 12:59:18 INFO  Log:17 - ================scenario_02 TEST START======================
2024-05-25 12:59:18 INFO  Log:25 - This is scenario_02
2024-05-25 12:59:20 INFO  Log:21 - ===============scenario_02 TEST END=========================
2024-05-25 13:28:19 INFO  Log:17 - ================scenario_01 TEST START======================
2024-05-25 13:28:19 INFO  Log:25 - This is scenario_01
2024-05-25 13:28:26 INFO  Log:21 - ===============scenario_01 TEST END=========================
2024-05-25 13:28:27 INFO  Log:17 - ================scenario_02 TEST START======================
2024-05-25 13:28:27 INFO  Log:25 - This is scenario_02
2024-05-25 13:28:29 INFO  Log:21 - ===============scenario_02 TEST END=========================
2024-05-25 13:30:45 INFO  Log:17 - ================scenario_01 TEST START======================
2024-05-25 13:30:45 INFO  Log:25 - This is scenario_01
2024-05-25 13:30:52 INFO  Log:17 - ================scenario_02 TEST START======================
2024-05-25 13:30:52 INFO  Log:25 - This is scenario_02
2024-05-25 13:32:10 INFO  Log:17 - ================scenario_01 TEST START======================
2024-05-25 13:32:10 INFO  Log:25 - This is scenario_01
2024-05-25 13:32:18 INFO  Log:17 - ================scenario_02 TEST START======================
2024-05-25 13:32:18 INFO  Log:25 - This is scenario_02
2024-05-25 13:43:09 INFO  Log:25 - Start executing Suite: Test Scenarios
2024-05-25 13:43:11 INFO  Log:25 - Test started: startpageAndlogin1
2024-05-25 13:43:11 INFO  Log:17 - ================scenario_01 TEST START======================
2024-05-25 13:43:11 INFO  Log:25 - This is scenario_01
2024-05-25 13:43:18 INFO  Log:25 - Test passed: startpageAndlogin1
2024-05-25 13:43:19 INFO  Log:25 - Test started: startpageAndlogin2
2024-05-25 13:43:19 INFO  Log:17 - ================scenario_02 TEST START======================
2024-05-25 13:43:19 INFO  Log:25 - This is scenario_02
2024-05-25 13:43:21 INFO  Log:25 - Test passed: startpageAndlogin2
2024-05-25 13:43:21 INFO  Log:25 - Finish executing Suite: Test Scenarios
2024-05-25 13:45:52 INFO  Log:25 - Start executing Suite: Test Scenarios
2024-05-25 13:45:54 INFO  Log:25 - Test started: startpageAndlogin1
2024-05-25 13:45:54 INFO  Log:17 - ================scenario_01 TEST START======================
2024-05-25 13:45:54 INFO  Log:25 - This is scenario_01
2024-05-25 13:46:01 INFO  Log:25 - Test passed: startpageAndlogin1
2024-05-25 13:46:02 INFO  Log:25 - Test started: startpageAndlogin2
2024-05-25 13:46:02 INFO  Log:17 - ================scenario_02 TEST START======================
2024-05-25 13:46:02 INFO  Log:25 - This is scenario_02
2024-05-25 13:46:04 INFO  Log:25 - Test passed: startpageAndlogin2
2024-05-25 13:46:04 INFO  Log:25 - Finish executing Suite: Test Scenarios
2024-05-25 13:49:12 INFO  Log:17 - ================scenario_01 TEST START======================
2024-05-25 13:49:12 INFO  Log:25 - This is scenario_01
2024-05-25 13:49:20 INFO  Log:17 - ================scenario_02 TEST START======================
2024-05-25 13:49:20 INFO  Log:25 - This is scenario_02
2024-05-25 13:53:21 INFO  Log:17 - ================scenario_01 TEST START======================
2024-05-25 13:53:21 INFO  Log:25 - This is scenario_01
2024-05-25 13:53:29 INFO  Log:17 - ================scenario_02 TEST START======================
2024-05-25 13:53:29 INFO  Log:25 - This is scenario_02
2024-05-25 14:12:29 INFO  Log:17 - ================scenario_01 TEST START======================
2024-05-25 14:12:29 INFO  Log:25 - This is scenario_01
2024-05-25 14:12:36 INFO  Log:21 - ===============scenario_01 TEST END=========================
2024-05-25 14:12:37 INFO  Log:17 - ================scenario_02 TEST START======================
2024-05-25 14:12:37 INFO  Log:25 - This is scenario_02
2024-05-25 14:12:40 INFO  Log:21 - ===============scenario_02 TEST END=========================
2024-05-25 17:58:43 INFO  Log:17 - ================scenario_01 TEST START======================
2024-05-25 17:58:43 INFO  Log:25 - This is scenario_01
2024-05-25 17:58:50 INFO  Log:21 - ===============scenario_01 TEST END=========================
2024-05-25 17:58:52 INFO  Log:17 - ================scenario_02 TEST START======================
2024-05-25 17:58:52 INFO  Log:25 - This is scenario_02
2024-05-25 17:58:54 INFO  Log:21 - ===============scenario_02 TEST END=========================
2024-05-25 18:10:51 INFO  Log:17 - ================scenario_01 TEST START======================
2024-05-25 18:10:51 INFO  Log:25 - This is scenario_01
2024-05-25 18:10:58 INFO  Log:21 - ===============scenario_01 TEST END=========================
2024-05-25 18:10:59 INFO  Log:17 - ================scenario_02 TEST START======================
2024-05-25 18:10:59 INFO  Log:25 - This is scenario_02
2024-05-25 18:11:02 INFO  Log:21 - ===============scenario_02 TEST END=========================
2024-05-25 18:12:12 INFO  Log:17 - ================scenario_01 TEST START======================
2024-05-25 18:12:12 INFO  Log:25 - This is scenario_01
2024-05-25 18:12:18 INFO  Log:21 - ===============scenario_01 TEST END=========================
2024-05-25 18:12:20 INFO  Log:17 - ================scenario_02 TEST START======================
2024-05-25 18:12:20 INFO  Log:25 - This is scenario_02
2024-05-25 18:12:22 INFO  Log:21 - ===============scenario_02 TEST END=========================
2024-05-25 18:22:26 INFO  Log:17 - ================scenario_01 TEST START======================
2024-05-25 18:22:26 INFO  Log:25 - This is scenario_01
2024-05-25 18:22:33 INFO  Log:21 - ===============scenario_01 TEST END=========================
2024-05-25 18:22:34 INFO  Log:17 - ================scenario_02 TEST START======================
2024-05-25 18:22:34 INFO  Log:25 - This is scenario_02
2024-05-25 18:22:37 INFO  Log:21 - ===============scenario_02 TEST END=========================
2024-05-25 18:24:31 INFO  Log:17 - ================scenario_01 TEST START======================
2024-05-25 18:24:31 INFO  Log:25 - This is scenario_01
2024-05-25 18:24:38 INFO  Log:21 - ===============scenario_01 TEST END=========================
2024-05-25 18:24:42 INFO  Log:17 - ================scenario_02 TEST START======================
2024-05-25 18:24:42 INFO  Log:25 - This is scenario_02
2024-05-25 18:24:44 INFO  Log:21 - ===============scenario_02 TEST END=========================
2024-05-25 18:29:45 INFO  Log:17 - ================scenario_01 TEST START======================
2024-05-25 18:29:45 INFO  Log:25 - This is scenario_01
2024-05-25 18:29:52 INFO  Log:21 - ===============scenario_01 TEST END=========================
2024-05-25 18:29:53 INFO  Log:17 - ================scenario_02 TEST START======================
2024-05-25 18:29:53 INFO  Log:25 - This is scenario_02
2024-05-25 18:29:56 INFO  Log:21 - ===============scenario_02 TEST END=========================
2024-05-25 18:32:43 INFO  Log:17 - ================scenario_01 TEST START======================
2024-05-25 18:32:43 INFO  Log:25 - This is scenario_01
2024-05-25 18:32:49 INFO  Log:21 - ===============scenario_01 TEST END=========================
2024-05-25 18:32:51 INFO  Log:17 - ================scenario_02 TEST START======================
2024-05-25 18:32:51 INFO  Log:25 - This is scenario_02
2024-05-25 18:32:53 INFO  Log:21 - ===============scenario_02 TEST END=========================
2024-05-25 18:35:27 INFO  Log:17 - ================scenario_01 TEST START======================
2024-05-25 18:35:27 INFO  Log:25 - This is scenario_01
2024-05-25 18:35:34 INFO  Log:21 - ===============scenario_01 TEST END=========================
2024-05-25 18:35:35 INFO  Log:17 - ================scenario_02 TEST START======================
2024-05-25 18:35:35 INFO  Log:25 - This is scenario_02
2024-05-25 18:35:37 INFO  Log:21 - ===============scenario_02 TEST END=========================
2024-05-25 18:37:32 INFO  Log:17 - ================scenario_01 TEST START======================
2024-05-25 18:37:32 INFO  Log:25 - This is scenario_01
2024-05-25 18:37:39 INFO  Log:21 - ===============scenario_01 TEST END=========================
2024-05-25 18:37:40 INFO  Log:17 - ================scenario_02 TEST START======================
2024-05-25 18:37:40 INFO  Log:25 - This is scenario_02
2024-05-25 18:37:42 INFO  Log:21 - ===============scenario_02 TEST END=========================
2024-05-25 18:39:42 INFO  Log:17 - ================scenario_01 TEST START======================
2024-05-25 18:39:42 INFO  Log:25 - This is scenario_01
2024-05-25 18:39:49 INFO  Log:21 - ===============scenario_01 TEST END=========================
2024-05-25 18:39:51 INFO  Log:17 - ================scenario_02 TEST START======================
2024-05-25 18:39:51 INFO  Log:25 - This is scenario_02
2024-05-25 18:39:54 INFO  Log:21 - ===============scenario_02 TEST END=========================
2024-05-25 18:41:14 INFO  Log:17 - ================scenario_01 TEST START======================
2024-05-25 18:41:14 INFO  Log:25 - This is scenario_01
2024-05-25 18:41:21 INFO  Log:21 - ===============scenario_01 TEST END=========================
2024-05-25 18:41:22 INFO  Log:17 - ================scenario_02 TEST START======================
2024-05-25 18:41:22 INFO  Log:25 - This is scenario_02
2024-05-25 18:41:25 INFO  Log:21 - ===============scenario_02 TEST END=========================
2024-05-25 18:45:16 INFO  Log:17 - ================scenario_01 TEST START======================
2024-05-25 18:45:16 INFO  Log:25 - This is scenario_01
2024-05-25 18:45:22 INFO  Log:21 - ===============scenario_01 TEST END=========================
2024-05-25 18:45:24 INFO  Log:17 - ================scenario_02 TEST START======================
2024-05-25 18:45:24 INFO  Log:25 - This is scenario_02
2024-05-25 18:45:26 INFO  Log:21 - ===============scenario_02 TEST END=========================
2024-05-25 18:50:34 INFO  Log:17 - ================scenario_01 TEST START======================
2024-05-25 18:50:34 INFO  Log:25 - This is scenario_01
2024-05-25 18:50:41 INFO  Log:21 - ===============scenario_01 TEST END=========================
2024-05-25 18:50:42 INFO  Log:17 - ================scenario_02 TEST START======================
2024-05-25 18:50:42 INFO  Log:25 - This is scenario_02
2024-05-25 18:50:44 INFO  Log:21 - ===============scenario_02 TEST END=========================
2024-05-25 18:53:29 INFO  Log:17 - ================scenario_01 TEST START======================
2024-05-25 18:53:29 INFO  Log:25 - This is scenario_01
2024-05-25 18:53:35 INFO  Log:21 - ===============scenario_01 TEST END=========================
2024-05-25 18:53:37 INFO  Log:17 - ================scenario_02 TEST START======================
2024-05-25 18:53:37 INFO  Log:25 - This is scenario_02
2024-05-25 18:53:39 INFO  Log:21 - ===============scenario_02 TEST END=========================
2024-05-25 18:57:20 INFO  Log:17 - ================scenario_01 TEST START======================
2024-05-25 18:57:20 INFO  Log:25 - This is scenario_01
2024-05-25 18:57:27 INFO  Log:21 - ===============scenario_01 TEST END=========================
2024-05-25 18:57:29 INFO  Log:17 - ================scenario_02 TEST START======================
2024-05-25 18:57:29 INFO  Log:25 - This is scenario_02
2024-05-25 18:57:31 INFO  Log:21 - ===============scenario_02 TEST END=========================
2024-05-25 19:00:25 INFO  Log:17 - ================scenario_01 TEST START======================
2024-05-25 19:00:25 INFO  Log:25 - This is scenario_01
2024-05-25 19:00:32 INFO  Log:21 - ===============scenario_01 TEST END=========================
2024-05-25 19:00:34 INFO  Log:17 - ================scenario_02 TEST START======================
2024-05-25 19:00:34 INFO  Log:25 - This is scenario_02
2024-05-25 19:00:36 INFO  Log:21 - ===============scenario_02 TEST END=========================
2024-05-25 19:01:51 INFO  Log:17 - ================scenario_01 TEST START======================
2024-05-25 19:01:51 INFO  Log:25 - This is scenario_01
2024-05-25 19:01:58 INFO  Log:21 - ===============scenario_01 TEST END=========================
2024-05-25 19:01:59 INFO  Log:17 - ================scenario_02 TEST START======================
2024-05-25 19:01:59 INFO  Log:25 - This is scenario_02
2024-05-25 19:02:02 INFO  Log:21 - ===============scenario_02 TEST END=========================
2024-05-25 19:05:20 INFO  Log:17 - ================scenario_01 TEST START======================
2024-05-25 19:05:20 INFO  Log:25 - This is scenario_01
2024-05-25 19:05:27 INFO  Log:21 - ===============scenario_01 TEST END=========================
2024-05-25 19:05:29 INFO  Log:17 - ================scenario_02 TEST START======================
2024-05-25 19:05:29 INFO  Log:25 - This is scenario_02
2024-05-25 19:05:32 INFO  Log:21 - ===============scenario_02 TEST END=========================
2024-05-25 19:07:35 INFO  Log:17 - ================scenario_01 TEST START======================
2024-05-25 19:07:35 INFO  Log:25 - This is scenario_01
2024-05-25 19:07:42 INFO  Log:21 - ===============scenario_01 TEST END=========================
2024-05-25 19:07:45 INFO  Log:17 - ================scenario_02 TEST START======================
2024-05-25 19:07:45 INFO  Log:25 - This is scenario_02
2024-05-25 19:07:48 INFO  Log:21 - ===============scenario_02 TEST END=========================
