2024-05-24 00:03:09 INFO  Log:17 - =====================================scenario_01 TEST START=========================================
2024-05-24 00:03:09 INFO  Log:25 - This is scenario_01
2024-05-24 00:03:09 DEBUG PackageRelationshipCollection:307 - Parsing relationship: /xl/_rels/workbook.xml.rels
2024-05-24 00:03:09 DEBUG PackageRelationshipCollection:307 - Parsing relationship: /_rels/.rels
2024-05-24 00:03:16 INFO  Log:21 - =====================================scenario_01 TEST END=========================================
2024-05-24 00:03:16 DEBUG WebDriverManager:227 - Using WebDriverManager 5.8.0
2024-05-24 00:03:16 DEBUG ResolutionCache:186 - Resolution chrome=124 in cache (valid until 00:43:47 24/05/2024 IST)
2024-05-24 00:03:16 DEBUG ResolutionCache:186 - Resolution chrome124=124.0.6367.207 in cache (valid until 20:54:17 24/05/2024 IST)
2024-05-24 00:03:16 INFO  WebDriverManager:1220 - Using chromedriver 124.0.6367.207 (resolved driver for Chrome 124)
2024-05-24 00:03:16 DEBUG WebDriverManager:1179 - Driver chromedriver 124.0.6367.207 found in cache
2024-05-24 00:03:16 INFO  WebDriverManager:1282 - Exporting webdriver.chrome.driver as C:\Users\maxxmuthu\.cache\selenium\chromedriver\win64\124.0.6367.207\chromedriver.exe
2024-05-24 00:03:17 INFO  Log:17 - =====================================scenario_02 TEST START=========================================
2024-05-24 00:03:17 INFO  Log:25 - This is scenario_02
2024-05-24 00:03:17 DEBUG PackageRelationshipCollection:307 - Parsing relationship: /xl/_rels/workbook.xml.rels
2024-05-24 00:03:17 DEBUG PackageRelationshipCollection:307 - Parsing relationship: /_rels/.rels
2024-05-24 00:03:20 INFO  Log:21 - =====================================scenario_02 TEST END=========================================
2024-05-24 00:04:59 INFO  Log:17 - ================scenario_01 TEST START======================
2024-05-24 00:04:59 INFO  Log:25 - This is scenario_01
2024-05-24 00:04:59 DEBUG PackageRelationshipCollection:307 - Parsing relationship: /xl/_rels/workbook.xml.rels
2024-05-24 00:04:59 DEBUG PackageRelationshipCollection:307 - Parsing relationship: /_rels/.rels
2024-05-24 00:05:06 INFO  Log:21 - ===============scenario_01 TEST END=========================
2024-05-24 00:05:06 DEBUG WebDriverManager:227 - Using WebDriverManager 5.8.0
2024-05-24 00:05:06 DEBUG ResolutionCache:186 - Resolution chrome=124 in cache (valid until 00:43:47 24/05/2024 IST)
2024-05-24 00:05:06 DEBUG ResolutionCache:186 - Resolution chrome124=124.0.6367.207 in cache (valid until 20:54:17 24/05/2024 IST)
2024-05-24 00:05:06 INFO  WebDriverManager:1220 - Using chromedriver 124.0.6367.207 (resolved driver for Chrome 124)
2024-05-24 00:05:06 DEBUG WebDriverManager:1179 - Driver chromedriver 124.0.6367.207 found in cache
2024-05-24 00:05:06 INFO  WebDriverManager:1282 - Exporting webdriver.chrome.driver as C:\Users\maxxmuthu\.cache\selenium\chromedriver\win64\124.0.6367.207\chromedriver.exe
2024-05-24 00:05:07 INFO  Log:17 - ================scenario_02 TEST START======================
2024-05-24 00:05:07 INFO  Log:25 - This is scenario_02
2024-05-24 00:05:07 DEBUG PackageRelationshipCollection:307 - Parsing relationship: /xl/_rels/workbook.xml.rels
2024-05-24 00:05:07 DEBUG PackageRelationshipCollection:307 - Parsing relationship: /_rels/.rels
2024-05-24 00:05:10 INFO  Log:21 - ===============scenario_02 TEST END=========================
2024-05-24 00:14:02 INFO  Log:17 - ================scenario_01 TEST START======================
2024-05-24 00:14:02 INFO  Log:25 - This is scenario_01
2024-05-24 00:14:09 INFO  Log:21 - ===============scenario_01 TEST END=========================
2024-05-24 00:14:09 INFO  WebDriverManager:1220 - Using chromedriver 124.0.6367.207 (resolved driver for Chrome 124)
2024-05-24 00:14:09 INFO  WebDriverManager:1282 - Exporting webdriver.chrome.driver as C:\Users\maxxmuthu\.cache\selenium\chromedriver\win64\124.0.6367.207\chromedriver.exe
2024-05-24 00:14:10 INFO  Log:17 - ================scenario_02 TEST START======================
2024-05-24 00:14:10 INFO  Log:25 - This is scenario_02
2024-05-24 00:14:12 INFO  Log:21 - ===============scenario_02 TEST END=========================
2024-05-24 00:16:15 INFO  Log:17 - ================scenario_01 TEST START======================
2024-05-24 00:16:15 INFO  Log:25 - This is scenario_01
2024-05-24 00:16:22 INFO  Log:21 - ===============scenario_01 TEST END=========================
2024-05-24 00:16:23 INFO  Log:17 - ================scenario_02 TEST START======================
2024-05-24 00:16:23 INFO  Log:25 - This is scenario_02
2024-05-24 00:16:25 INFO  Log:21 - ===============scenario_02 TEST END=========================
2024-05-24 00:25:23 INFO  Log:17 - ================scenario_01 TEST START======================
2024-05-24 00:25:23 INFO  Log:25 - This is scenario_01
2024-05-24 00:25:30 INFO  Log:21 - ===============scenario_01 TEST END=========================
2024-05-24 00:25:31 INFO  Log:17 - ================scenario_02 TEST START======================
2024-05-24 00:25:31 INFO  Log:25 - This is scenario_02
2024-05-24 00:25:34 INFO  Log:21 - ===============scenario_02 TEST END=========================
2024-05-24 00:51:50 INFO  Log:17 - ================scenario_01 TEST START======================
2024-05-24 00:51:50 INFO  Log:25 - This is scenario_01
2024-05-24 00:51:57 INFO  Log:21 - ===============scenario_01 TEST END=========================
2024-05-24 00:51:58 INFO  Log:17 - ================scenario_02 TEST START======================
2024-05-24 00:51:58 INFO  Log:25 - This is scenario_02
2024-05-24 00:52:00 INFO  Log:21 - ===============scenario_02 TEST END=========================
2024-05-24 02:19:51 INFO  Log:17 - ================scenario_01 TEST START======================
2024-05-24 02:19:51 INFO  Log:25 - This is scenario_01
2024-05-24 02:19:58 INFO  Log:21 - ===============scenario_01 TEST END=========================
2024-05-24 02:19:59 INFO  Log:17 - ================scenario_02 TEST START======================
2024-05-24 02:19:59 INFO  Log:25 - This is scenario_02
2024-05-24 02:20:01 INFO  Log:21 - ===============scenario_02 TEST END=========================
2024-05-24 02:20:20 INFO  Log:17 - ================scenario_01 TEST START======================
2024-05-24 02:20:20 INFO  Log:25 - This is scenario_01
2024-05-24 02:20:27 INFO  Log:21 - ===============scenario_01 TEST END=========================
2024-05-24 02:20:28 INFO  Log:17 - ================scenario_02 TEST START======================
2024-05-24 02:20:28 INFO  Log:25 - This is scenario_02
2024-05-24 02:20:31 INFO  Log:21 - ===============scenario_02 TEST END=========================
2024-05-24 02:21:52 INFO  Log:17 - ================scenario_01 TEST START======================
2024-05-24 02:21:52 INFO  Log:25 - This is scenario_01
2024-05-24 02:21:59 INFO  Log:21 - ===============scenario_01 TEST END=========================
2024-05-24 02:22:00 INFO  Log:17 - ================scenario_02 TEST START======================
2024-05-24 02:22:00 INFO  Log:25 - This is scenario_02
2024-05-24 02:22:02 INFO  Log:21 - ===============scenario_02 TEST END=========================
2024-05-24 02:26:15 INFO  Log:17 - ================scenario_01 TEST START======================
2024-05-24 02:26:15 INFO  Log:25 - This is scenario_01
2024-05-24 02:26:22 INFO  Log:21 - ===============scenario_01 TEST END=========================
2024-05-24 02:26:23 INFO  Log:17 - ================scenario_02 TEST START======================
2024-05-24 02:26:23 INFO  Log:25 - This is scenario_02
2024-05-24 02:26:25 INFO  Log:21 - ===============scenario_02 TEST END=========================
2024-05-24 21:38:30 INFO  Log:17 - ================scenario_01 TEST START======================
2024-05-24 21:38:30 INFO  Log:25 - This is scenario_01
2024-05-24 21:38:37 INFO  Log:21 - ===============scenario_01 TEST END=========================
2024-05-24 21:38:38 INFO  Log:17 - ================scenario_02 TEST START======================
2024-05-24 21:38:38 INFO  Log:25 - This is scenario_02
2024-05-24 21:38:41 INFO  Log:21 - ===============scenario_02 TEST END=========================
2024-05-24 22:07:14 INFO  Log:17 - ================scenario_01 TEST START======================
2024-05-24 22:07:14 INFO  Log:25 - This is scenario_01
2024-05-24 22:07:21 INFO  Log:21 - ===============scenario_01 TEST END=========================
2024-05-24 22:07:22 INFO  Log:17 - ================scenario_02 TEST START======================
2024-05-24 22:07:22 INFO  Log:25 - This is scenario_02
2024-05-24 22:07:24 INFO  Log:21 - ===============scenario_02 TEST END=========================
2024-05-24 22:35:04 INFO  Log:17 - ================scenario_01 TEST START======================
2024-05-24 22:35:04 INFO  Log:25 - This is scenario_01
2024-05-24 22:35:10 INFO  Log:21 - ===============scenario_01 TEST END=========================
2024-05-24 22:35:12 INFO  Log:17 - ================scenario_02 TEST START======================
2024-05-24 22:35:12 INFO  Log:25 - This is scenario_02
2024-05-24 22:35:14 INFO  Log:21 - ===============scenario_02 TEST END=========================
2024-05-24 22:50:06 INFO  Log:17 - ================scenario_01 TEST START======================
2024-05-24 22:50:06 INFO  Log:25 - This is scenario_01
2024-05-24 22:50:13 INFO  Log:21 - ===============scenario_01 TEST END=========================
2024-05-24 22:50:14 INFO  Log:17 - ================scenario_02 TEST START======================
2024-05-24 22:50:14 INFO  Log:25 - This is scenario_02
2024-05-24 22:50:17 INFO  Log:21 - ===============scenario_02 TEST END=========================
2024-05-24 22:59:34 INFO  Log:17 - ================scenario_01 TEST START======================
2024-05-24 22:59:34 INFO  Log:25 - This is scenario_01
2024-05-24 22:59:41 INFO  Log:21 - ===============scenario_01 TEST END=========================
2024-05-24 22:59:42 INFO  Log:17 - ================scenario_02 TEST START======================
2024-05-24 22:59:42 INFO  Log:25 - This is scenario_02
2024-05-24 22:59:45 INFO  Log:21 - ===============scenario_02 TEST END=========================
2024-05-24 23:07:39 INFO  Log:17 - ================scenario_01 TEST START======================
2024-05-24 23:07:39 INFO  Log:25 - This is scenario_01
2024-05-24 23:07:46 INFO  Log:21 - ===============scenario_01 TEST END=========================
2024-05-24 23:07:47 INFO  Log:17 - ================scenario_02 TEST START======================
2024-05-24 23:07:47 INFO  Log:25 - This is scenario_02
2024-05-24 23:07:50 INFO  Log:21 - ===============scenario_02 TEST END=========================
2024-05-24 23:09:08 INFO  Log:17 - ================scenario_01 TEST START======================
2024-05-24 23:09:08 INFO  Log:25 - This is scenario_01
2024-05-24 23:09:14 INFO  Log:21 - ===============scenario_01 TEST END=========================
2024-05-24 23:09:16 INFO  Log:17 - ================scenario_02 TEST START======================
2024-05-24 23:09:16 INFO  Log:25 - This is scenario_02
2024-05-24 23:09:18 INFO  Log:21 - ===============scenario_02 TEST END=========================
